<?xml version="1.0" encoding="UTF-8"?>
<!-- Generated by org.testng.reporters.JUnitXMLReporter -->
<testsuite hostname="Pawans-macbook.local" name="HomePage Test" tests="2" failures="0" timestamp="20 Jan 2018 06:01:48 GMT" time="0.204" errors="0">
  <testcase name="@BeforeSuite setupTestEnvironment" time="0.0" classname="Tests.TestRunner">
    <failure type="org.openqa.selenium.SessionNotCreatedException" message="Unable to create new remote session. desired capabilities = Capabilities [{appPackage=in.amazon.mShop.android.shopping, appActivity=com.amazon.mShop.splashscreen.StartupActivity, newCommandTimeout=40, automationName=Appium, platformName=Android, udid=1406e773, deviceName=AndroidDevice}], required capabilities = Capabilities [{}]
Build info: version: &amp;apos;3.0.1&amp;apos;, revision: &amp;apos;1969d75&amp;apos;, time: &amp;apos;2016-10-18 09:49:13 -0700&amp;apos;
System info: host: &amp;apos;Pawans-macbook.local&amp;apos;, ip: &amp;apos;192.168.0.2&amp;apos;, os.name: &amp;apos;Mac OS X&amp;apos;, os.arch: &amp;apos;x86_64&amp;apos;, os.version: &amp;apos;10.12.6&amp;apos;, java.version: &amp;apos;1.8.0_92&amp;apos;
Driver info: driver.version: AndroidDriver">
      <![CDATA[org.openqa.selenium.SessionNotCreatedException: Unable to create new remote session. desired capabilities = Capabilities [{appPackage=in.amazon.mShop.android.shopping, appActivity=com.amazon.mShop.splashscreen.StartupActivity, newCommandTimeout=40, automationName=Appium, platformName=Android, udid=1406e773, deviceName=AndroidDevice}], required capabilities = Capabilities [{}]
Build info: version: '3.0.1', revision: '1969d75', time: '2016-10-18 09:49:13 -0700'
System info: host: 'Pawans-macbook.local', ip: '192.168.0.2', os.name: 'Mac OS X', os.arch: 'x86_64', os.version: '10.12.6', java.version: '1.8.0_92'
Driver info: driver.version: AndroidDriver
	at org.openqa.selenium.remote.ProtocolHandshake.createSession(ProtocolHandshake.java:91)
	at org.openqa.selenium.remote.HttpCommandExecutor.execute(HttpCommandExecutor.java:141)
	at io.appium.java_client.remote.AppiumCommandExecutor.execute(AppiumCommandExecutor.java:64)
	at org.openqa.selenium.remote.RemoteWebDriver.execute(RemoteWebDriver.java:601)
	at io.appium.java_client.DefaultGenericMobileDriver.execute(DefaultGenericMobileDriver.java:43)
	at io.appium.java_client.AppiumDriver.execute(AppiumDriver.java:1)
	at io.appium.java_client.android.AndroidDriver.execute(AndroidDriver.java:1)
	at org.openqa.selenium.remote.RemoteWebDriver.startSession(RemoteWebDriver.java:241)
	at org.openqa.selenium.remote.RemoteWebDriver.<init>(RemoteWebDriver.java:128)
	at org.openqa.selenium.remote.RemoteWebDriver.<init>(RemoteWebDriver.java:141)
	at io.appium.java_client.DefaultGenericMobileDriver.<init>(DefaultGenericMobileDriver.java:39)
	at io.appium.java_client.AppiumDriver.<init>(AppiumDriver.java:69)
	at io.appium.java_client.AppiumDriver.<init>(AppiumDriver.java:78)
	at io.appium.java_client.android.AndroidDriver.<init>(AndroidDriver.java:67)
	at com.sixt.Launcher.AppLauncher.launchAndroidAppiumService(AppLauncher.java:42)
	at Tests.TestRunner.setupTestEnvironment(TestRunner.java:43)
... Removed 27 stack frames]]>
    </failure>
  </testcase> <!-- @BeforeSuite setupTestEnvironment -->
  <testcase name="feature" time="0.001" classname="Tests.TestRunner">
    <skipped/>
  </testcase> <!-- feature -->
  <testcase name="feature" time="0.0" classname="Tests.Checkout">
    <skipped/>
  </testcase> <!-- feature -->
</testsuite> <!-- HomePage Test -->
